<?xml version="1.0" encoding="UTF-8"?>
<!-- Generated by org.testng.reporters.JUnitReportReporter -->
<testsuite hostname="DESKTOP-LGS2HSE" failures="1" tests="9" name="com.autotest.AutomationTest.UITest" time="104.202" errors="0" timestamp="2024-03-07T01:36:52 PST" skipped="0">
  <testcase classname="com.autotest.AutomationTest.UITest" name="HistoryButton" time="13.309"/>
  <system-out/>
  <testcase classname="com.autotest.AutomationTest.UITest" name="sideDrawer" time="11.423"/>
  <system-out/>
  <testcase classname="com.autotest.AutomationTest.UITest" name="YouButton" time="9.353"/>
  <system-out/>
  <testcase classname="com.autotest.AutomationTest.UITest" name="shortsButton" time="9.465"/>
  <system-out/>
  <testcase classname="com.autotest.AutomationTest.UITest" name="logoVisibility" time="10.173"/>
  <system-out/>
  <testcase classname="com.autotest.AutomationTest.UITest" name="SubscriptionButton" time="10.080"/>
  <system-out/>
  <testcase classname="com.autotest.AutomationTest.UITest" name="searchBar" time="12.561">
    <failure message="Expected URL: https://www.youtube.com/results?search_query=adelante, Actual URL: https://www.youtube.com/" type="java.lang.AssertionError">
      <![CDATA[java.lang.AssertionError: Expected URL: https://www.youtube.com/results?search_query=adelante, Actual URL: https://www.youtube.com/
at com.autotest.AutomationTest.UITest.searchBar(UITest.java:156)
at java.base/jdk.internal.reflect.NativeMethodAccessorImpl.invoke0(Native Method)
at java.base/jdk.internal.reflect.NativeMethodAccessorImpl.invoke(NativeMethodAccessorImpl.java:77)
at java.base/jdk.internal.reflect.DelegatingMethodAccessorImpl.invoke(DelegatingMethodAccessorImpl.java:43)
at java.base/java.lang.reflect.Method.invoke(Method.java:568)
at org.testng.internal.MethodInvocationHelper.invokeMethod(MethodInvocationHelper.java:133)
at org.testng.internal.TestInvoker.invokeMethod(TestInvoker.java:598)
at org.testng.internal.TestInvoker.invokeTestMethod(TestInvoker.java:173)
at org.testng.internal.MethodRunner.runInSequence(MethodRunner.java:46)
at org.testng.internal.TestInvoker$MethodInvocationAgent.invoke(TestInvoker.java:824)
at org.testng.internal.TestInvoker.invokeTestMethods(TestInvoker.java:146)
at org.testng.internal.TestMethodWorker.invokeTestMethods(TestMethodWorker.java:146)
at org.testng.internal.TestMethodWorker.run(TestMethodWorker.java:128)
at java.base/java.util.ArrayList.forEach(ArrayList.java:1511)
at org.testng.TestRunner.privateRun(TestRunner.java:794)
at org.testng.TestRunner.run(TestRunner.java:596)
at org.testng.SuiteRunner.runTest(SuiteRunner.java:377)
at org.testng.SuiteRunner.runSequentially(SuiteRunner.java:371)
at org.testng.SuiteRunner.privateRun(SuiteRunner.java:332)
at org.testng.SuiteRunner.run(SuiteRunner.java:276)
at org.testng.SuiteRunnerWorker.runSuite(SuiteRunnerWorker.java:53)
at org.testng.SuiteRunnerWorker.run(SuiteRunnerWorker.java:96)
at org.testng.TestNG.runSuitesSequentially(TestNG.java:1212)
at org.testng.TestNG.runSuitesLocally(TestNG.java:1134)
at org.testng.TestNG.runSuites(TestNG.java:1063)
at org.testng.TestNG.run(TestNG.java:1031)
at org.testng.remote.AbstractRemoteTestNG.run(AbstractRemoteTestNG.java:115)
at org.testng.remote.RemoteTestNG.initAndRun(RemoteTestNG.java:251)
at org.testng.remote.RemoteTestNG.main(RemoteTestNG.java:77)
]]>
    </failure>
  </testcase> <!-- searchBar -->
  <system-out/>
  <testcase classname="com.autotest.AutomationTest.UITest" name="suggestionList" time="14.336"/>
  <system-out/>
  <testcase classname="com.autotest.AutomationTest.UITest" name="homeButton" time="13.502"/>
  <system-out/>
</testsuite> <!-- com.autotest.AutomationTest.UITest -->
